<?xml version="1.0" encoding="UTF-8"?>
<!-- Generated by org.testng.reporters.JUnitReportReporter -->
<testsuite hostname="Vicky" failures="0" tests="1" name="JenkinsPractice.CreateUser" time="0.012" errors="0" timestamp="2023-08-18T12:10:47 IST" skipped="0">
  <testcase classname="JenkinsPractice.CreateUser" name="createUser" time="0.012"/>
  <system-out/>
</testsuite> <!-- JenkinsPractice.CreateUser -->
